SF:lib/mte_relay_client_plugin_platform_interface.dart
DA:30,9
DA:32,9
DA:34,4
DA:35,2
DA:37,4
DA:39,2
DA:40,4
DA:49,1
DA:50,1
DA:53,1
DA:54,1
DA:57,1
DA:58,1
DA:61,1
DA:62,1
DA:65,1
DA:66,1
DA:69,1
DA:70,1
DA:73,1
DA:74,1
DA:77,1
DA:78,1
DA:81,1
DA:82,1
DA:85,1
DA:86,1
DA:89,1
DA:90,1
DA:93,1
DA:94,1
LF:31
LH:31
end_of_record
SF:lib/mte_relay_client_plugin.dart
DA:31,1
DA:32,2
DA:35,1
DA:36,2
DA:39,1
DA:40,2
DA:43,1
DA:44,2
DA:47,1
DA:48,2
DA:51,1
DA:52,2
DA:55,1
DA:56,2
DA:59,1
DA:60,2
DA:63,1
DA:64,2
DA:67,1
DA:68,2
DA:71,1
DA:72,2
DA:75,1
DA:76,2
DA:80,1
DA:81,2
DA:83,1
DA:84,2
DA:86,1
DA:87,2
DA:89,1
DA:90,2
LF:32
LH:32
end_of_record
SF:lib/mte_relay_client_plugin_method_channel.dart
DA:39,3
DA:40,9
DA:57,1
DA:59,2
DA:62,1
DA:64,2
DA:67,1
DA:69,2
DA:72,1
DA:74,2
DA:77,1
DA:79,2
DA:82,1
DA:84,2
DA:87,1
DA:89,2
DA:92,1
DA:94,2
DA:97,1
DA:99,2
DA:102,1
DA:104,2
DA:107,1
DA:109,2
DA:114,1
DA:115,1
DA:116,1
DA:117,1
DA:118,2
DA:119,1
DA:121,1
DA:122,1
DA:123,2
DA:124,1
DA:126,1
DA:127,1
DA:128,3
DA:129,2
DA:131,1
DA:132,3
DA:133,2
DA:137,1
DA:139,2
DA:141,1
DA:143,2
DA:145,1
DA:147,2
DA:149,1
DA:151,2
LF:49
LH:49
end_of_record
SF:lib/mte_relay_native_response.dart
DA:35,1
DA:39,1
DA:44,1
DA:45,2
DA:46,1
DA:47,1
DA:48,2
DA:49,1
DA:51,1
DA:52,1
DA:53,2
DA:54,1
DA:59,1
DA:60,1
DA:61,1
DA:62,1
DA:63,1
DA:64,1
DA:65,1
DA:70,1
DA:71,1
DA:72,1
DA:73,4
DA:79,3
DA:81,3
DA:83,1
DA:84,1
DA:85,2
DA:88,1
DA:90,3
LF:30
LH:30
end_of_record
SF:lib/mte_relay_response_model.dart
DA:36,1
DA:40,1
DA:45,1
DA:46,2
DA:47,1
DA:48,1
DA:49,2
DA:50,1
DA:52,1
DA:53,1
DA:54,2
DA:55,1
DA:60,1
DA:61,1
DA:62,1
DA:63,1
DA:64,1
DA:65,1
DA:66,1
DA:71,1
DA:72,1
DA:73,1
DA:74,4
DA:80,1
DA:81,2
DA:82,2
DA:87,1
DA:88,1
DA:89,2
DA:92,1
DA:94,3
LF:31
LH:31
end_of_record
